Traceback (most recent call last):
  File "/home/ashpapi/projects/whisper-transcriber/main.py", line 63, in run
    segments, info = model.transcribe(
                     ~~~~~~~~~~~~~~~~^
        tmp_path,
        ^^^^^^^^^
    ...<2 lines>...
        vad_filter=True,
        ^^^^^^^^^^^^^^^^
    )
    ^
  File "/home/ashpapi/projects/whisper-transcriber/.venv/lib/python3.13/site-packages/faster_whisper/transcribe.py", line 876, in transcribe
    audio = decode_audio(audio, sampling_rate=sampling_rate)
  File "/home/ashpapi/projects/whisper-transcriber/.venv/lib/python3.13/site-packages/faster_whisper/audio.py", line 52, in decode_audio
    for frame in frames:
                 ^^^^^^
  File "/home/ashpapi/projects/whisper-transcriber/.venv/lib/python3.13/site-packages/faster_whisper/audio.py", line 108, in _resample_frames
    yield from resampler.resample(frame)
               ~~~~~~~~~~~~~~~~~~^^^^^^^
  File "av/audio/resampler.py", line 33, in av.audio.resampler.AudioResampler.resample
    @cython.ccall
    ^^^^^^^
  File "av/audio/resampler.py", line 113, in av.audio.resampler.AudioResampler.resample
    output.append(self.graph.pull())
    
  File "av/filter/graph.py", line 245, in av.filter.graph.Graph.pull
    return (vsinks or asinks)[0].pull()
    ^^^
  File "av/filter/context.py", line 146, in av.filter.context.FilterContext.pull
    err_check(res)
    ^^^
  File "av/error.py", line 408, in av.error.err_check
    message = error_buffer or os.strerror(code)
    
UnicodeDecodeError: 'ascii' codec can't decode byte 0xd0 in position 0: ordinal not in range(128)
